--------- beginning of main
05-31 09:09:00.213 19011 19011 D OLLEE_BLE: TX 8 0006AA55FE45022A
05-31 09:09:00.295 19011 19032 D OLLEE_BLE: RX 20 002AAA557671024A444541444245454630312E30
05-31 09:09:00.299 19011 19032 D OLLEE_BLE: RX 20 352E303030302E30312E30374445414442454546
05-31 09:09:00.300 19011 19032 D OLLEE_BLE: RX 4 00000B38
05-31 09:09:00.311 19011 19011 D OLLEE_BLE: TX 8 0006AA55EE64022B
05-31 09:09:00.379 19011 19032 D OLLEE_BLE: RX 20 0012AA559A2E024B00010017007E0A05C0FF0FFF
05-31 09:09:00.384 19011 19011 D OLLEE_BLE: TX 8 0006AA559E83022C
05-31 09:09:00.474 19011 19032 D OLLEE_BLE: RX 12 000AAA55A76C024C00012800
05-31 09:09:00.479 19011 19011 D OLLEE_BLE: TX 8 0006AA553DD90237
05-31 09:09:00.560 19011 19032 D OLLEE_BLE: RX 20 0060AA5514E90257040000000000050100010001
05-31 09:09:00.560 19011 19032 D OLLEE_BLE: RX 20 0601000100050701000100020801010100070901
05-31 09:09:00.565 19011 19032 D OLLEE_BLE: RX 20 000101030A01010100090B010101000A0C010101
05-31 09:09:00.566 19011 19032 D OLLEE_BLE: RX 20 000B0D01010100060E01010100080F010101000C
05-31 09:09:00.566 19011 19032 D OLLEE_BLE: RX 18 10010101000D11010001000412010101000E
05-31 09:09:00.570 19011 19011 D OLLEE_BLE: TX 8 0006AA55DC170239
05-31 09:09:00.653 19011 19032 D OLLEE_BLE: RX 10 0008AA555C380259002D
05-31 09:09:01.013 19011 19011 D OLLEE_BLE: TX 20 0018AA55F6D002230D4F1C6AA0ABFFFFCC9C0000
05-31 09:09:01.110 19011 19011 D OLLEE_BLE: TX 6 4865FEFF0500
05-31 09:09:01.194 19011 19032 D OLLEE_BLE: RX 8 0006AA5503CA0243
05-31 09:09:01.200 19011 19011 D OLLEE_BLE: TX 8 0006AA551D9B0235
05-31 09:09:01.281 19011 19032 D OLLEE_BLE: RX 20 0018AA55017A025500007E904D4F545557455448
05-31 09:09:01.282 19011 19032 D OLLEE_BLE: RX 6 465253415355
05-31 09:09:01.290 19011 19011 D OLLEE_BLE: TX 8 0006AA554D3E0230
05-31 09:09:01.372 19011 19030 D OLLEE_BLE: RX 13 000BAA5569BB02500000138800
05-31 09:09:01.379 19011 19011 D OLLEE_BLE: TX 8 0006AA55BEC1022E
05-31 09:09:01.464 19011 19030 D OLLEE_BLE: RX 14 000CAA55CB6D024E202035342046
05-31 09:09:01.470 19011 19011 D OLLEE_BLE: TX 8 0006AA556D7C0232
05-31 09:09:01.558 19011 19030 D OLLEE_BLE: RX 20 0014AA55BBD302520206718200000078FFFF0000
05-31 09:09:01.560 19011 19030 D OLLEE_BLE: RX 2 0201
05-31 09:11:52.234 19011 19011 D OLLEE_BLE: TX 20 0018AA557EAB023400007E904D4F545557455448
05-31 09:11:53.472 19011 19011 D OLLEE_BLE: TX 6 465253415355
05-31 09:11:55.467 19011 19032 D OLLEE_BLE: RX 8 0006AA55611C0254
05-31 09:11:55.777 19011 19011 D OLLEE_BLE: TX 20 0014AA55A23202330206718200000078FFFF0000
05-31 09:11:57.477 19011 19011 D OLLEE_BLE: TX 2 0201
05-31 09:11:59.466 19011 19032 D OLLEE_BLE: RX 8 0006AA5511FB0253
05-31 09:25:17.713 19011 19011 D OLLEE_BLE: TX 20 0060AA5503AD0236040000000000050100010001
05-31 09:25:19.537 19011 19011 D OLLEE_BLE: TX 20 0701000100020901000101031101000100040601
05-31 09:25:21.497 19011 19011 D OLLEE_BLE: TX 20 000100050D01010100060801010100070E010101
05-31 09:25:23.494 19011 19011 D OLLEE_BLE: TX 20 00080A01010100090B010001000A0C010101000B
05-31 09:25:25.497 19011 19011 D OLLEE_BLE: TX 18 0F010101000C10010101000D12010101000E
05-31 09:25:26.544 19011 19030 D OLLEE_BLE: RX 8 0006AA55415E0256
05-31 09:26:06.661 19011 19011 D OLLEE_BLE: TX 20 0060AA5527390236040000000000050100010001
05-31 09:26:08.502 19011 19011 D OLLEE_BLE: TX 20 0701000100020901000101031101000100040601
05-31 09:26:10.501 19011 19011 D OLLEE_BLE: TX 20 000100050D01010100060801010100070E010101
05-31 09:26:12.496 19011 19011 D OLLEE_BLE: TX 20 00080A01010100090B010101000A0C010101000B
05-31 09:26:14.565 19011 19011 D OLLEE_BLE: TX 18 0F010101000C10010101000D12010101000E
05-31 09:26:14.688 19011 19030 D OLLEE_BLE: RX 8 0006AA55415E0256
05-31 09:29:42.012 19011 19011 D OLLEE_BLE: TX 8 0006AA55FE45022A
05-31 09:29:45.495 19011 21850 D OLLEE_BLE: RX 20 002AAA557671024A444541444245454630312E30
05-31 09:29:45.498 19011 21850 D OLLEE_BLE: RX 20 352E303030302E30312E30374445414442454546
05-31 09:29:45.500 19011 21850 D OLLEE_BLE: RX 4 00000B38
05-31 09:29:45.527 19011 19011 D OLLEE_BLE: TX 8 0006AA55EE64022B
05-31 09:29:49.494 19011 21850 D OLLEE_BLE: RX 20 0012AA559A2E024B00010017007E0A05C0FF0FFF
05-31 09:29:49.513 19011 19011 D OLLEE_BLE: TX 8 0006AA559E83022C
05-31 09:29:50.559 19011 21850 D OLLEE_BLE: RX 12 000AAA55A76C024C00012800
05-31 09:29:50.572 19011 19011 D OLLEE_BLE: TX 8 0006AA553DD90237
05-31 09:29:50.643 19011 21850 D OLLEE_BLE: RX 20 0060AA5514E90257040000000000050100010001
05-31 09:29:50.688 19011 21850 D OLLEE_BLE: RX 20 0601000100050701000100020801010100070901
05-31 09:29:50.689 19011 21850 D OLLEE_BLE: RX 20 000101030A01010100090B010101000A0C010101
05-31 09:29:50.690 19011 21850 D OLLEE_BLE: RX 20 000B0D01010100060E01010100080F010101000C
05-31 09:29:50.690 19011 21850 D OLLEE_BLE: RX 18 10010101000D11010001000412010101000E
05-31 09:29:50.697 19011 19011 D OLLEE_BLE: TX 8 0006AA55DC170239
05-31 09:29:50.777 19011 21850 D OLLEE_BLE: RX 10 0008AA555C380259002D
05-31 09:29:51.008 19011 19011 D OLLEE_BLE: TX 20 0018AA55ACC20223EF531C6AA0ABFFFFCC9C0000
05-31 09:29:51.103 19011 19011 D OLLEE_BLE: TX 6 4865FEFF0200
05-31 09:29:51.191 19011 21850 D OLLEE_BLE: RX 8 0006AA5503CA0243
05-31 09:29:51.198 19011 19011 D OLLEE_BLE: TX 8 0006AA551D9B0235
05-31 09:29:51.273 19011 21850 D OLLEE_BLE: RX 20 0018AA55017A025500007E904D4F545557455448
05-31 09:29:51.273 19011 21850 D OLLEE_BLE: RX 6 465253415355
05-31 09:29:51.279 19011 19011 D OLLEE_BLE: TX 8 0006AA554D3E0230
05-31 09:29:51.409 19011 21850 D OLLEE_BLE: RX 13 000BAA5569BB02500000138800
05-31 09:29:51.414 19011 19011 D OLLEE_BLE: TX 8 0006AA55BEC1022E
05-31 09:29:51.504 19011 21850 D OLLEE_BLE: RX 14 000CAA55CB6D024E202035342046
05-31 09:29:51.515 19011 19011 D OLLEE_BLE: TX 8 0006AA556D7C0232
05-31 09:29:51.640 19011 21850 D OLLEE_BLE: RX 20 0014AA55BBD302520206718200000078FFFF0000
05-31 09:29:51.641 19011 21850 D OLLEE_BLE: RX 2 0201
05-31 09:30:25.800 19011 19011 D OLLEE_BLE: TX 8 0006AA55FE45022A
05-31 09:30:28.499 19011 19030 D OLLEE_BLE: RX 20 002AAA557671024A444541444245454630312E30
05-31 09:30:28.516 19011 19030 D OLLEE_BLE: RX 20 352E303030302E30312E30374445414442454546
05-31 09:30:28.517 19011 19030 D OLLEE_BLE: RX 4 00000B38
05-31 09:30:28.540 19011 19011 D OLLEE_BLE: TX 8 0006AA55EE64022B
05-31 09:30:30.492 19011 19030 D OLLEE_BLE: RX 20 0012AA559A2E024B00010017007E0A05C0FF0FFF
05-31 09:30:30.510 19011 19011 D OLLEE_BLE: TX 8 0006AA559E83022C
05-31 09:30:32.491 19011 19030 D OLLEE_BLE: RX 12 000AAA55A76C024C00012800
05-31 09:30:32.497 19011 19011 D OLLEE_BLE: TX 8 0006AA553DD90237
05-31 09:30:34.528 19011 19030 D OLLEE_BLE: RX 20 0060AA5514E90257040000000000050100010001
05-31 09:30:34.529 19011 19030 D OLLEE_BLE: RX 20 0601000100050701000100020801010100070901
05-31 09:30:34.530 19011 19030 D OLLEE_BLE: RX 20 000101030A01010100090B010101000A0C010101
05-31 09:30:34.531 19011 19030 D OLLEE_BLE: RX 20 000B0D01010100060E01010100080F010101000C
05-31 09:30:34.531 19011 19030 D OLLEE_BLE: RX 18 10010101000D11010001000412010101000E
05-31 09:30:34.543 19011 19011 D OLLEE_BLE: TX 8 0006AA55DC170239
05-31 09:30:34.662 19011 19030 D OLLEE_BLE: RX 10 0008AA555C380259002D
05-31 09:30:35.008 19011 19011 D OLLEE_BLE: TX 20 0018AA55065A02231B541C6AA0ABFFFFCC9C0000
05-31 09:30:35.113 19011 19011 D OLLEE_BLE: TX 6 4865FEFF0300
05-31 09:30:35.199 19011 19030 D OLLEE_BLE: RX 8 0006AA5503CA0243
05-31 09:30:35.209 19011 19011 D OLLEE_BLE: TX 8 0006AA551D9B0235
05-31 09:30:35.286 19011 19030 D OLLEE_BLE: RX 20 0018AA55017A025500007E904D4F545557455448
05-31 09:30:35.286 19011 21850 D OLLEE_BLE: RX 6 465253415355
05-31 09:30:35.292 19011 19011 D OLLEE_BLE: TX 8 0006AA554D3E0230
05-31 09:30:35.379 19011 21850 D OLLEE_BLE: RX 13 000BAA5569BB02500000138800
05-31 09:30:35.385 19011 19011 D OLLEE_BLE: TX 8 0006AA55BEC1022E
05-31 09:30:35.464 19011 21850 D OLLEE_BLE: RX 14 000CAA55CB6D024E202035342046
05-31 09:30:35.473 19011 19011 D OLLEE_BLE: TX 8 0006AA556D7C0232
05-31 09:30:35.559 19011 21850 D OLLEE_BLE: RX 20 0014AA55BBD302520206718200000078FFFF0000
05-31 09:30:35.560 19011 21850 D OLLEE_BLE: RX 2 0201
